<?xml version="1.0" encoding="UTF-8"?>
<testng-results ignored="0" total="2" passed="2" failed="0" skipped="0">
  <reporter-output>
  </reporter-output>
  <suite started-at="2024-04-26T17:43:12Z" name="LumaOrder" finished-at="2024-04-26T17:44:27Z" duration-ms="75232">
    <groups>
    </groups>
    <test started-at="2024-04-26T17:43:12Z" name="LumaOrder Test" finished-at="2024-04-26T17:44:27Z" duration-ms="75232">
      <class name="com.luma.testCases.TC_LoginTest_001">
        <test-method is-config="true" signature="setup(java.lang.String)[pri:0, instance:com.luma.testCases.TC_LoginTest_001@5e316c74]" started-at="2024-04-26T17:43:12Z" name="setup" finished-at="2024-04-26T17:43:18Z" duration-ms="5994" status="PASS">
          <params>
            <param index="0">
              <value>
                <![CDATA[chrome]]>
              </value>
            </param>
          </params>
          <reporter-output>
          </reporter-output>
        </test-method> <!-- setup -->
        <test-method signature="loginTest()[pri:0, instance:com.luma.testCases.TC_LoginTest_001@5e316c74]" started-at="2024-04-26T17:43:18Z" name="loginTest" finished-at="2024-04-26T17:43:26Z" duration-ms="8586" status="PASS">
          <reporter-output>
          </reporter-output>
        </test-method> <!-- loginTest -->
        <test-method is-config="true" signature="tearDown()[pri:0, instance:com.luma.testCases.TC_LoginTest_001@5e316c74]" started-at="2024-04-26T17:43:27Z" name="tearDown" finished-at="2024-04-26T17:43:27Z" duration-ms="321" status="PASS">
          <reporter-output>
          </reporter-output>
        </test-method> <!-- tearDown -->
      </class> <!-- com.luma.testCases.TC_LoginTest_001 -->
      <class name="com.luma.testCases.TC_OrderTest">
        <test-method is-config="true" signature="setup(java.lang.String)[pri:0, instance:com.luma.testCases.TC_OrderTest@6d2a209c]" started-at="2024-04-26T17:43:27Z" name="setup" finished-at="2024-04-26T17:43:37Z" duration-ms="10636" status="PASS">
          <params>
            <param index="0">
              <value>
                <![CDATA[chrome]]>
              </value>
            </param>
          </params>
          <reporter-output>
          </reporter-output>
        </test-method> <!-- setup -->
        <test-method signature="orderTest()[pri:0, instance:com.luma.testCases.TC_OrderTest@6d2a209c]" started-at="2024-04-26T17:43:37Z" name="orderTest" finished-at="2024-04-26T17:44:26Z" duration-ms="49018" status="PASS">
          <reporter-output>
          </reporter-output>
        </test-method> <!-- orderTest -->
        <test-method is-config="true" signature="tearDown()[pri:0, instance:com.luma.testCases.TC_OrderTest@6d2a209c]" started-at="2024-04-26T17:44:26Z" name="tearDown" finished-at="2024-04-26T17:44:27Z" duration-ms="335" status="PASS">
          <reporter-output>
          </reporter-output>
        </test-method> <!-- tearDown -->
      </class> <!-- com.luma.testCases.TC_OrderTest -->
    </test> <!-- LumaOrder Test -->
  </suite> <!-- LumaOrder -->
</testng-results>
