<?xml version="1.0" encoding="UTF-8"?>
<testng-results ignored="0" total="1" passed="1" failed="0" skipped="0">
  <reporter-output>
  </reporter-output>
  <suite started-at="2024-04-23T18:15:24Z" name="LumaOrder" finished-at="2024-04-23T18:16:23Z" duration-ms="58574">
    <groups>
    </groups>
    <test started-at="2024-04-23T18:15:24Z" name="LumaOrder Test" finished-at="2024-04-23T18:16:23Z" duration-ms="58574">
      <class name="com.luma.testCases.TC_OrderTest">
        <test-method is-config="true" signature="setup(java.lang.String)[pri:0, instance:com.luma.testCases.TC_OrderTest@48fa0f47]" started-at="2024-04-23T18:15:24Z" name="setup" finished-at="2024-04-23T18:15:34Z" duration-ms="9745" status="PASS">
          <params>
            <param index="0">
              <value>
                <![CDATA[chrome]]>
              </value>
            </param>
          </params>
          <reporter-output>
          </reporter-output>
        </test-method> <!-- setup -->
        <test-method signature="orderTest()[pri:0, instance:com.luma.testCases.TC_OrderTest@48fa0f47]" started-at="2024-04-23T18:15:34Z" name="orderTest" finished-at="2024-04-23T18:16:22Z" duration-ms="48200" status="PASS">
          <reporter-output>
          </reporter-output>
        </test-method> <!-- orderTest -->
        <test-method is-config="true" signature="tearDown()[pri:0, instance:com.luma.testCases.TC_OrderTest@48fa0f47]" started-at="2024-04-23T18:16:22Z" name="tearDown" finished-at="2024-04-23T18:16:23Z" duration-ms="329" status="PASS">
          <reporter-output>
          </reporter-output>
        </test-method> <!-- tearDown -->
      </class> <!-- com.luma.testCases.TC_OrderTest -->
    </test> <!-- LumaOrder Test -->
  </suite> <!-- LumaOrder -->
</testng-results>
